2024-02-28T10:39:58.138+05:30  INFO 33492 --- [gatewayservice] [AsyncResolver-bootstrap-executor-0] c.n.d.s.r.aws.ConfigClusterResolver      : Resolving eureka endpoints via configuration
2024-02-28T10:45:46.676+05:30  INFO 33492 --- [gatewayservice] [AsyncResolver-bootstrap-executor-0] c.n.d.s.r.aws.ConfigClusterResolver      : Resolving eureka endpoints via configuration
2024-02-28T10:50:46.678+05:30  INFO 33492 --- [gatewayservice] [AsyncResolver-bootstrap-executor-0] c.n.d.s.r.aws.ConfigClusterResolver      : Resolving eureka endpoints via configuration
2024-02-28T10:55:46.691+05:30  INFO 33492 --- [gatewayservice] [AsyncResolver-bootstrap-executor-0] c.n.d.s.r.aws.ConfigClusterResolver      : Resolving eureka endpoints via configuration
2024-02-28T11:00:46.702+05:30  INFO 33492 --- [gatewayservice] [AsyncResolver-bootstrap-executor-0] c.n.d.s.r.aws.ConfigClusterResolver      : Resolving eureka endpoints via configuration
2024-02-28T11:05:46.716+05:30  INFO 33492 --- [gatewayservice] [AsyncResolver-bootstrap-executor-0] c.n.d.s.r.aws.ConfigClusterResolver      : Resolving eureka endpoints via configuration
2024-02-28T11:10:46.721+05:30  INFO 33492 --- [gatewayservice] [AsyncResolver-bootstrap-executor-0] c.n.d.s.r.aws.ConfigClusterResolver      : Resolving eureka endpoints via configuration
2024-02-28T11:15:46.726+05:30  INFO 33492 --- [gatewayservice] [AsyncResolver-bootstrap-executor-0] c.n.d.s.r.aws.ConfigClusterResolver      : Resolving eureka endpoints via configuration
2024-02-28T11:20:46.732+05:30  INFO 33492 --- [gatewayservice] [AsyncResolver-bootstrap-executor-0] c.n.d.s.r.aws.ConfigClusterResolver      : Resolving eureka endpoints via configuration
2024-02-28T11:25:46.736+05:30  INFO 33492 --- [gatewayservice] [AsyncResolver-bootstrap-executor-0] c.n.d.s.r.aws.ConfigClusterResolver      : Resolving eureka endpoints via configuration
2024-02-28T11:30:46.756+05:30  INFO 33492 --- [gatewayservice] [AsyncResolver-bootstrap-executor-0] c.n.d.s.r.aws.ConfigClusterResolver      : Resolving eureka endpoints via configuration
2024-02-28T11:35:46.759+05:30  INFO 33492 --- [gatewayservice] [AsyncResolver-bootstrap-executor-0] c.n.d.s.r.aws.ConfigClusterResolver      : Resolving eureka endpoints via configuration
2024-02-28T11:40:46.761+05:30  INFO 33492 --- [gatewayservice] [AsyncResolver-bootstrap-executor-0] c.n.d.s.r.aws.ConfigClusterResolver      : Resolving eureka endpoints via configuration
2024-02-28T11:45:46.763+05:30  INFO 33492 --- [gatewayservice] [AsyncResolver-bootstrap-executor-0] c.n.d.s.r.aws.ConfigClusterResolver      : Resolving eureka endpoints via configuration
2024-02-28T12:05:44.121+05:30  INFO 33492 --- [gatewayservice] [AsyncResolver-bootstrap-executor-0] c.n.d.s.r.aws.ConfigClusterResolver      : Resolving eureka endpoints via configuration
2024-02-28T12:55:34.845+05:30  INFO 30932 --- [gatewayservice] [restartedMain] c.h.j.a.ApigatewayserviceApplication     : No active profile set, falling back to 1 default profile: "default"
2024-02-28T12:55:35.719+05:30  INFO 30932 --- [gatewayservice] [restartedMain] o.s.cloud.context.scope.GenericScope     : BeanFactory id=d6c2a3fa-1021-341d-91b9-ce0c3ce82e02
2024-02-28T12:55:35.755+05:30  WARN 30932 --- [gatewayservice] [restartedMain] trationDelegate$BeanPostProcessorChecker : Bean 'org.springframework.cloud.client.loadbalancer.LoadBalancerAutoConfiguration$LoadBalancerInterceptorConfig' of type [org.springframework.cloud.client.loadbalancer.LoadBalancerAutoConfiguration$LoadBalancerInterceptorConfig] is not eligible for getting processed by all BeanPostProcessors (for example: not eligible for auto-proxying). The currently created BeanPostProcessor [lbRestClientPostProcessor] is declared through a non-static factory method on that class; consider declaring it as static instead.
2024-02-28T12:55:35.757+05:30  WARN 30932 --- [gatewayservice] [restartedMain] trationDelegate$BeanPostProcessorChecker : Bean 'org.springframework.cloud.loadbalancer.config.BlockingLoadBalancerClientAutoConfiguration' of type [org.springframework.cloud.loadbalancer.config.BlockingLoadBalancerClientAutoConfiguration] is not eligible for getting processed by all BeanPostProcessors (for example: not eligible for auto-proxying). Is this bean getting eagerly injected into a currently created BeanPostProcessor [lbRestClientPostProcessor]? Check the corresponding BeanPostProcessor declaration and its dependencies.
2024-02-28T12:55:35.758+05:30  WARN 30932 --- [gatewayservice] [restartedMain] trationDelegate$BeanPostProcessorChecker : Bean 'org.springframework.cloud.loadbalancer.config.LoadBalancerAutoConfiguration' of type [org.springframework.cloud.loadbalancer.config.LoadBalancerAutoConfiguration] is not eligible for getting processed by all BeanPostProcessors (for example: not eligible for auto-proxying). Is this bean getting eagerly injected into a currently created BeanPostProcessor [lbRestClientPostProcessor]? Check the corresponding BeanPostProcessor declaration and its dependencies.
2024-02-28T12:55:35.762+05:30  WARN 30932 --- [gatewayservice] [restartedMain] trationDelegate$BeanPostProcessorChecker : Bean 'org.springframework.cloud.commons.config.CommonsConfigAutoConfiguration' of type [org.springframework.cloud.commons.config.CommonsConfigAutoConfiguration] is not eligible for getting processed by all BeanPostProcessors (for example: not eligible for auto-proxying). Is this bean getting eagerly injected into a currently created BeanPostProcessor [lbRestClientPostProcessor]? Check the corresponding BeanPostProcessor declaration and its dependencies.
2024-02-28T12:55:35.763+05:30  WARN 30932 --- [gatewayservice] [restartedMain] trationDelegate$BeanPostProcessorChecker : Bean 'org.springframework.cloud.client.loadbalancer.LoadBalancerDefaultMappingsProviderAutoConfiguration' of type [org.springframework.cloud.client.loadbalancer.LoadBalancerDefaultMappingsProviderAutoConfiguration] is not eligible for getting processed by all BeanPostProcessors (for example: not eligible for auto-proxying). Is this bean getting eagerly injected into a currently created BeanPostProcessor [lbRestClientPostProcessor]? Check the corresponding BeanPostProcessor declaration and its dependencies.
2024-02-28T12:55:35.764+05:30  WARN 30932 --- [gatewayservice] [restartedMain] trationDelegate$BeanPostProcessorChecker : Bean 'loadBalancerClientsDefaultsMappingsProvider' of type [org.springframework.cloud.client.loadbalancer.LoadBalancerDefaultMappingsProviderAutoConfiguration$$Lambda$643/0x00000008010bee40] is not eligible for getting processed by all BeanPostProcessors (for example: not eligible for auto-proxying). Is this bean getting eagerly injected into a currently created BeanPostProcessor [lbRestClientPostProcessor]? Check the corresponding BeanPostProcessor declaration and its dependencies.
2024-02-28T12:55:35.765+05:30  WARN 30932 --- [gatewayservice] [restartedMain] trationDelegate$BeanPostProcessorChecker : Bean 'defaultsBindHandlerAdvisor' of type [org.springframework.cloud.commons.config.DefaultsBindHandlerAdvisor] is not eligible for getting processed by all BeanPostProcessors (for example: not eligible for auto-proxying). Is this bean getting eagerly injected into a currently created BeanPostProcessor [lbRestClientPostProcessor]? Check the corresponding BeanPostProcessor declaration and its dependencies.
2024-02-28T12:55:35.768+05:30  WARN 30932 --- [gatewayservice] [restartedMain] trationDelegate$BeanPostProcessorChecker : Bean 'spring.cloud.loadbalancer-org.springframework.cloud.client.loadbalancer.LoadBalancerClientsProperties' of type [org.springframework.cloud.client.loadbalancer.LoadBalancerClientsProperties] is not eligible for getting processed by all BeanPostProcessors (for example: not eligible for auto-proxying). Is this bean getting eagerly injected into a currently created BeanPostProcessor [lbRestClientPostProcessor]? Check the corresponding BeanPostProcessor declaration and its dependencies.
2024-02-28T12:55:35.772+05:30  WARN 30932 --- [gatewayservice] [restartedMain] trationDelegate$BeanPostProcessorChecker : Bean 'default.org.springframework.cloud.loadbalancer.config.LoadBalancerAutoConfiguration.LoadBalancerClientSpecification' of type [org.springframework.cloud.loadbalancer.annotation.LoadBalancerClientSpecification] is not eligible for getting processed by all BeanPostProcessors (for example: not eligible for auto-proxying). Is this bean getting eagerly injected into a currently created BeanPostProcessor [lbRestClientPostProcessor]? Check the corresponding BeanPostProcessor declaration and its dependencies.
2024-02-28T12:55:35.773+05:30  WARN 30932 --- [gatewayservice] [restartedMain] trationDelegate$BeanPostProcessorChecker : Bean 'default.org.springframework.cloud.loadbalancer.config.BlockingLoadBalancerClientAutoConfiguration.LoadBalancerClientSpecification' of type [org.springframework.cloud.loadbalancer.annotation.LoadBalancerClientSpecification] is not eligible for getting processed by all BeanPostProcessors (for example: not eligible for auto-proxying). Is this bean getting eagerly injected into a currently created BeanPostProcessor [lbRestClientPostProcessor]? Check the corresponding BeanPostProcessor declaration and its dependencies.
2024-02-28T12:55:35.774+05:30  WARN 30932 --- [gatewayservice] [restartedMain] trationDelegate$BeanPostProcessorChecker : Bean 'default.org.springframework.cloud.netflix.eureka.loadbalancer.LoadBalancerEurekaAutoConfiguration.LoadBalancerClientSpecification' of type [org.springframework.cloud.loadbalancer.annotation.LoadBalancerClientSpecification] is not eligible for getting processed by all BeanPostProcessors (for example: not eligible for auto-proxying). Is this bean getting eagerly injected into a currently created BeanPostProcessor [lbRestClientPostProcessor]? Check the corresponding BeanPostProcessor declaration and its dependencies.
2024-02-28T12:55:35.774+05:30  WARN 30932 --- [gatewayservice] [restartedMain] trationDelegate$BeanPostProcessorChecker : Bean 'loadBalancerClientFactory' of type [org.springframework.cloud.loadbalancer.support.LoadBalancerClientFactory] is not eligible for getting processed by all BeanPostProcessors (for example: not eligible for auto-proxying). Is this bean getting eagerly injected into a currently created BeanPostProcessor [lbRestClientPostProcessor]? Check the corresponding BeanPostProcessor declaration and its dependencies.
2024-02-28T12:55:35.777+05:30  WARN 30932 --- [gatewayservice] [restartedMain] trationDelegate$BeanPostProcessorChecker : Bean 'blockingLoadBalancerClient' of type [org.springframework.cloud.loadbalancer.blocking.client.BlockingLoadBalancerClient] is not eligible for getting processed by all BeanPostProcessors (for example: not eligible for auto-proxying). Is this bean getting eagerly injected into a currently created BeanPostProcessor [lbRestClientPostProcessor]? Check the corresponding BeanPostProcessor declaration and its dependencies.
2024-02-28T12:55:35.782+05:30  WARN 30932 --- [gatewayservice] [restartedMain] trationDelegate$BeanPostProcessorChecker : Bean 'loadBalancerServiceInstanceCookieTransformer' of type [org.springframework.cloud.loadbalancer.core.LoadBalancerServiceInstanceCookieTransformer] is not eligible for getting processed by all BeanPostProcessors (for example: not eligible for auto-proxying). Is this bean getting eagerly injected into a currently created BeanPostProcessor [lbRestClientPostProcessor]? Check the corresponding BeanPostProcessor declaration and its dependencies.
2024-02-28T12:55:35.783+05:30  WARN 30932 --- [gatewayservice] [restartedMain] trationDelegate$BeanPostProcessorChecker : Bean 'xForwarderHeadersTransformer' of type [org.springframework.cloud.loadbalancer.blocking.XForwardedHeadersTransformer] is not eligible for getting processed by all BeanPostProcessors (for example: not eligible for auto-proxying). Is this bean getting eagerly injected into a currently created BeanPostProcessor [lbRestClientPostProcessor]? Check the corresponding BeanPostProcessor declaration and its dependencies.
2024-02-28T12:55:35.784+05:30  WARN 30932 --- [gatewayservice] [restartedMain] trationDelegate$BeanPostProcessorChecker : Bean 'org.springframework.cloud.client.loadbalancer.LoadBalancerAutoConfiguration' of type [org.springframework.cloud.client.loadbalancer.LoadBalancerAutoConfiguration] is not eligible for getting processed by all BeanPostProcessors (for example: not eligible for auto-proxying). Is this bean getting eagerly injected into a currently created BeanPostProcessor [lbRestClientPostProcessor]? Check the corresponding BeanPostProcessor declaration and its dependencies.
2024-02-28T12:55:35.785+05:30  WARN 30932 --- [gatewayservice] [restartedMain] trationDelegate$BeanPostProcessorChecker : Bean 'loadBalancerRequestFactory' of type [org.springframework.cloud.client.loadbalancer.LoadBalancerRequestFactory] is not eligible for getting processed by all BeanPostProcessors (for example: not eligible for auto-proxying). Is this bean getting eagerly injected into a currently created BeanPostProcessor [lbRestClientPostProcessor]? Check the corresponding BeanPostProcessor declaration and its dependencies.
2024-02-28T12:55:35.786+05:30  WARN 30932 --- [gatewayservice] [restartedMain] trationDelegate$BeanPostProcessorChecker : Bean 'loadBalancerInterceptor' of type [org.springframework.cloud.client.loadbalancer.LoadBalancerInterceptor] is not eligible for getting processed by all BeanPostProcessors (for example: not eligible for auto-proxying). Is this bean getting eagerly injected into a currently created BeanPostProcessor [lbRestClientPostProcessor]? Check the corresponding BeanPostProcessor declaration and its dependencies.
2024-02-28T12:55:35.787+05:30  WARN 30932 --- [gatewayservice] [restartedMain] trationDelegate$BeanPostProcessorChecker : Bean 'org.springframework.cloud.client.loadbalancer.reactive.LoadBalancerBeanPostProcessorAutoConfiguration' of type [org.springframework.cloud.client.loadbalancer.reactive.LoadBalancerBeanPostProcessorAutoConfiguration] is not eligible for getting processed by all BeanPostProcessors (for example: not eligible for auto-proxying). The currently created BeanPostProcessor [loadBalancerWebClientBuilderBeanPostProcessor] is declared through a non-static factory method on that class; consider declaring it as static instead.
2024-02-28T12:55:35.788+05:30  WARN 30932 --- [gatewayservice] [restartedMain] trationDelegate$BeanPostProcessorChecker : Bean 'org.springframework.cloud.client.loadbalancer.reactive.LoadBalancerBeanPostProcessorAutoConfiguration$ReactorDeferringLoadBalancerFilterConfig' of type [org.springframework.cloud.client.loadbalancer.reactive.LoadBalancerBeanPostProcessorAutoConfiguration$ReactorDeferringLoadBalancerFilterConfig] is not eligible for getting processed by all BeanPostProcessors (for example: not eligible for auto-proxying). Is this bean getting eagerly injected into a currently created BeanPostProcessor [loadBalancerWebClientBuilderBeanPostProcessor]? Check the corresponding BeanPostProcessor declaration and its dependencies.
2024-02-28T12:55:35.789+05:30  WARN 30932 --- [gatewayservice] [restartedMain] trationDelegate$BeanPostProcessorChecker : Bean 'reactorDeferringLoadBalancerExchangeFilterFunction' of type [org.springframework.cloud.client.loadbalancer.reactive.DeferringLoadBalancerExchangeFilterFunction] is not eligible for getting processed by all BeanPostProcessors (for example: not eligible for auto-proxying). Is this bean getting eagerly injected into a currently created BeanPostProcessor [loadBalancerWebClientBuilderBeanPostProcessor]? Check the corresponding BeanPostProcessor declaration and its dependencies.
2024-02-28T12:55:36.512+05:30  INFO 30932 --- [gatewayservice] [restartedMain] o.s.c.g.r.RouteDefinitionRouteLocator    : Loaded RoutePredicateFactory [After]
2024-02-28T12:55:36.513+05:30  INFO 30932 --- [gatewayservice] [restartedMain] o.s.c.g.r.RouteDefinitionRouteLocator    : Loaded RoutePredicateFactory [Before]
2024-02-28T12:55:36.513+05:30  INFO 30932 --- [gatewayservice] [restartedMain] o.s.c.g.r.RouteDefinitionRouteLocator    : Loaded RoutePredicateFactory [Between]
2024-02-28T12:55:36.513+05:30  INFO 30932 --- [gatewayservice] [restartedMain] o.s.c.g.r.RouteDefinitionRouteLocator    : Loaded RoutePredicateFactory [Cookie]
2024-02-28T12:55:36.513+05:30  INFO 30932 --- [gatewayservice] [restartedMain] o.s.c.g.r.RouteDefinitionRouteLocator    : Loaded RoutePredicateFactory [Header]
2024-02-28T12:55:36.513+05:30  INFO 30932 --- [gatewayservice] [restartedMain] o.s.c.g.r.RouteDefinitionRouteLocator    : Loaded RoutePredicateFactory [Host]
2024-02-28T12:55:36.513+05:30  INFO 30932 --- [gatewayservice] [restartedMain] o.s.c.g.r.RouteDefinitionRouteLocator    : Loaded RoutePredicateFactory [Method]
2024-02-28T12:55:36.513+05:30  INFO 30932 --- [gatewayservice] [restartedMain] o.s.c.g.r.RouteDefinitionRouteLocator    : Loaded RoutePredicateFactory [Path]
2024-02-28T12:55:36.513+05:30  INFO 30932 --- [gatewayservice] [restartedMain] o.s.c.g.r.RouteDefinitionRouteLocator    : Loaded RoutePredicateFactory [Query]
2024-02-28T12:55:36.513+05:30  INFO 30932 --- [gatewayservice] [restartedMain] o.s.c.g.r.RouteDefinitionRouteLocator    : Loaded RoutePredicateFactory [ReadBody]
2024-02-28T12:55:36.514+05:30  INFO 30932 --- [gatewayservice] [restartedMain] o.s.c.g.r.RouteDefinitionRouteLocator    : Loaded RoutePredicateFactory [RemoteAddr]
2024-02-28T12:55:36.514+05:30  INFO 30932 --- [gatewayservice] [restartedMain] o.s.c.g.r.RouteDefinitionRouteLocator    : Loaded RoutePredicateFactory [XForwardedRemoteAddr]
2024-02-28T12:55:36.514+05:30  INFO 30932 --- [gatewayservice] [restartedMain] o.s.c.g.r.RouteDefinitionRouteLocator    : Loaded RoutePredicateFactory [Weight]
2024-02-28T12:55:36.514+05:30  INFO 30932 --- [gatewayservice] [restartedMain] o.s.c.g.r.RouteDefinitionRouteLocator    : Loaded RoutePredicateFactory [CloudFoundryRouteService]
2024-02-28T12:55:36.798+05:30  INFO 30932 --- [gatewayservice] [restartedMain] o.s.b.a.e.web.EndpointLinksResolver      : Exposing 1 endpoint(s) beneath base path '/actuator'
2024-02-28T12:55:37.004+05:30  WARN 30932 --- [gatewayservice] [restartedMain] o.s.b.d.a.OptionalLiveReloadServer       : Unable to start LiveReload server
2024-02-28T12:55:37.013+05:30  INFO 30932 --- [gatewayservice] [restartedMain] DiscoveryClientOptionalArgsConfiguration : Eureka HTTP Client uses RestTemplate.
2024-02-28T12:55:37.028+05:30  WARN 30932 --- [gatewayservice] [restartedMain] iguration$LoadBalancerCaffeineWarnLogger : Spring Cloud LoadBalancer is currently working with the default cache. While this cache implementation is useful for development and tests, it's recommended to use Caffeine cache in production.You can switch to using Caffeine cache, by adding it and org.springframework.cache.caffeine.CaffeineCacheManager to the classpath.
2024-02-28T12:55:37.093+05:30  INFO 30932 --- [gatewayservice] [restartedMain] o.s.c.n.eureka.InstanceInfoFactory       : Setting initial instance status as: STARTING
2024-02-28T12:55:37.115+05:30  INFO 30932 --- [gatewayservice] [restartedMain] com.netflix.discovery.DiscoveryClient    : Initializing Eureka in region us-east-1
2024-02-28T12:55:37.119+05:30  INFO 30932 --- [gatewayservice] [restartedMain] c.n.d.s.r.aws.ConfigClusterResolver      : Resolving eureka endpoints via configuration
2024-02-28T12:55:37.136+05:30  INFO 30932 --- [gatewayservice] [restartedMain] com.netflix.discovery.DiscoveryClient    : Disable delta property : false
2024-02-28T12:55:37.136+05:30  INFO 30932 --- [gatewayservice] [restartedMain] com.netflix.discovery.DiscoveryClient    : Single vip registry refresh property : null
2024-02-28T12:55:37.136+05:30  INFO 30932 --- [gatewayservice] [restartedMain] com.netflix.discovery.DiscoveryClient    : Force full registry fetch : false
2024-02-28T12:55:37.136+05:30  INFO 30932 --- [gatewayservice] [restartedMain] com.netflix.discovery.DiscoveryClient    : Application is null : false
2024-02-28T12:55:37.136+05:30  INFO 30932 --- [gatewayservice] [restartedMain] com.netflix.discovery.DiscoveryClient    : Registered Applications size is zero : true
2024-02-28T12:55:37.136+05:30  INFO 30932 --- [gatewayservice] [restartedMain] com.netflix.discovery.DiscoveryClient    : Application version is -1: true
2024-02-28T12:55:37.136+05:30  INFO 30932 --- [gatewayservice] [restartedMain] com.netflix.discovery.DiscoveryClient    : Getting all instance registry info from the eureka server
2024-02-28T12:55:37.367+05:30  INFO 30932 --- [gatewayservice] [restartedMain] com.netflix.discovery.DiscoveryClient    : The response status is 200
2024-02-28T12:55:37.369+05:30  INFO 30932 --- [gatewayservice] [restartedMain] com.netflix.discovery.DiscoveryClient    : Starting heartbeat executor: renew interval is: 30
2024-02-28T12:55:37.372+05:30  INFO 30932 --- [gatewayservice] [restartedMain] c.n.discovery.InstanceInfoReplicator     : InstanceInfoReplicator onDemand update allowed rate per min is 4
2024-02-28T12:55:37.377+05:30  INFO 30932 --- [gatewayservice] [restartedMain] com.netflix.discovery.DiscoveryClient    : Discovery Client initialized at timestamp 1709105137376 with initial instances count: 2
2024-02-28T12:55:37.379+05:30  INFO 30932 --- [gatewayservice] [restartedMain] o.s.c.n.e.s.EurekaServiceRegistry        : Registering application GATEWAYSERVICE with eureka with status UP
2024-02-28T12:55:37.379+05:30  INFO 30932 --- [gatewayservice] [restartedMain] com.netflix.discovery.DiscoveryClient    : Saw local status change event StatusChangeEvent [timestamp=1709105137379, current=UP, previous=STARTING]
2024-02-28T12:55:37.381+05:30  INFO 30932 --- [gatewayservice] [DiscoveryClient-InstanceInfoReplicator-0] com.netflix.discovery.DiscoveryClient    : DiscoveryClient_GATEWAYSERVICE/DESKTOP-NM638L9:gatewayservice:9000: registering service...
2024-02-28T12:55:37.420+05:30  INFO 30932 --- [gatewayservice] [DiscoveryClient-InstanceInfoReplicator-0] com.netflix.discovery.DiscoveryClient    : DiscoveryClient_GATEWAYSERVICE/DESKTOP-NM638L9:gatewayservice:9000 - registration status: 204
2024-02-28T12:55:37.603+05:30  INFO 30932 --- [gatewayservice] [restartedMain] o.s.b.web.embedded.netty.NettyWebServer  : Netty started on port 9000
2024-02-28T12:55:37.604+05:30  INFO 30932 --- [gatewayservice] [restartedMain] .s.c.n.e.s.EurekaAutoServiceRegistration : Updating port to 9000
2024-02-28T12:55:37.757+05:30  INFO 30932 --- [gatewayservice] [restartedMain] c.h.j.a.ApigatewayserviceApplication     : Started ApigatewayserviceApplication in 7.961 seconds (process running for 8.514)
2024-02-28T13:00:37.140+05:30  INFO 30932 --- [gatewayservice] [AsyncResolver-bootstrap-executor-0] c.n.d.s.r.aws.ConfigClusterResolver      : Resolving eureka endpoints via configuration
2024-02-28T13:05:37.151+05:30  INFO 30932 --- [gatewayservice] [AsyncResolver-bootstrap-executor-0] c.n.d.s.r.aws.ConfigClusterResolver      : Resolving eureka endpoints via configuration
2024-02-28T13:10:37.155+05:30  INFO 30932 --- [gatewayservice] [AsyncResolver-bootstrap-executor-0] c.n.d.s.r.aws.ConfigClusterResolver      : Resolving eureka endpoints via configuration
2024-02-28T13:15:37.170+05:30  INFO 30932 --- [gatewayservice] [AsyncResolver-bootstrap-executor-0] c.n.d.s.r.aws.ConfigClusterResolver      : Resolving eureka endpoints via configuration
2024-02-28T13:20:37.181+05:30  INFO 30932 --- [gatewayservice] [AsyncResolver-bootstrap-executor-0] c.n.d.s.r.aws.ConfigClusterResolver      : Resolving eureka endpoints via configuration
2024-02-28T13:25:37.209+05:30  INFO 30932 --- [gatewayservice] [AsyncResolver-bootstrap-executor-0] c.n.d.s.r.aws.ConfigClusterResolver      : Resolving eureka endpoints via configuration
2024-02-28T13:30:37.224+05:30  INFO 30932 --- [gatewayservice] [AsyncResolver-bootstrap-executor-0] c.n.d.s.r.aws.ConfigClusterResolver      : Resolving eureka endpoints via configuration
2024-02-28T13:35:37.227+05:30  INFO 30932 --- [gatewayservice] [AsyncResolver-bootstrap-executor-0] c.n.d.s.r.aws.ConfigClusterResolver      : Resolving eureka endpoints via configuration
2024-02-28T13:40:37.247+05:30  INFO 30932 --- [gatewayservice] [AsyncResolver-bootstrap-executor-0] c.n.d.s.r.aws.ConfigClusterResolver      : Resolving eureka endpoints via configuration
2024-02-28T13:45:37.250+05:30  INFO 30932 --- [gatewayservice] [AsyncResolver-bootstrap-executor-0] c.n.d.s.r.aws.ConfigClusterResolver      : Resolving eureka endpoints via configuration
2024-02-28T13:50:37.261+05:30  INFO 30932 --- [gatewayservice] [AsyncResolver-bootstrap-executor-0] c.n.d.s.r.aws.ConfigClusterResolver      : Resolving eureka endpoints via configuration
2024-02-28T13:55:37.270+05:30  INFO 30932 --- [gatewayservice] [AsyncResolver-bootstrap-executor-0] c.n.d.s.r.aws.ConfigClusterResolver      : Resolving eureka endpoints via configuration
2024-02-28T14:00:37.305+05:30  INFO 30932 --- [gatewayservice] [AsyncResolver-bootstrap-executor-0] c.n.d.s.r.aws.ConfigClusterResolver      : Resolving eureka endpoints via configuration
2024-02-28T14:05:37.322+05:30  INFO 30932 --- [gatewayservice] [AsyncResolver-bootstrap-executor-0] c.n.d.s.r.aws.ConfigClusterResolver      : Resolving eureka endpoints via configuration
2024-02-28T14:10:37.324+05:30  INFO 30932 --- [gatewayservice] [AsyncResolver-bootstrap-executor-0] c.n.d.s.r.aws.ConfigClusterResolver      : Resolving eureka endpoints via configuration
2024-02-28T14:15:37.327+05:30  INFO 30932 --- [gatewayservice] [AsyncResolver-bootstrap-executor-0] c.n.d.s.r.aws.ConfigClusterResolver      : Resolving eureka endpoints via configuration
2024-02-28T14:20:37.340+05:30  INFO 30932 --- [gatewayservice] [AsyncResolver-bootstrap-executor-0] c.n.d.s.r.aws.ConfigClusterResolver      : Resolving eureka endpoints via configuration
2024-02-28T14:25:37.342+05:30  INFO 30932 --- [gatewayservice] [AsyncResolver-bootstrap-executor-0] c.n.d.s.r.aws.ConfigClusterResolver      : Resolving eureka endpoints via configuration
2024-02-28T14:30:37.377+05:30  INFO 30932 --- [gatewayservice] [AsyncResolver-bootstrap-executor-0] c.n.d.s.r.aws.ConfigClusterResolver      : Resolving eureka endpoints via configuration
2024-02-28T14:35:37.383+05:30  INFO 30932 --- [gatewayservice] [AsyncResolver-bootstrap-executor-0] c.n.d.s.r.aws.ConfigClusterResolver      : Resolving eureka endpoints via configuration
2024-02-28T14:40:37.395+05:30  INFO 30932 --- [gatewayservice] [AsyncResolver-bootstrap-executor-0] c.n.d.s.r.aws.ConfigClusterResolver      : Resolving eureka endpoints via configuration
2024-02-28T14:45:37.434+05:30  INFO 30932 --- [gatewayservice] [AsyncResolver-bootstrap-executor-0] c.n.d.s.r.aws.ConfigClusterResolver      : Resolving eureka endpoints via configuration
2024-02-28T14:50:37.438+05:30  INFO 30932 --- [gatewayservice] [AsyncResolver-bootstrap-executor-0] c.n.d.s.r.aws.ConfigClusterResolver      : Resolving eureka endpoints via configuration
2024-02-28T14:55:37.446+05:30  INFO 30932 --- [gatewayservice] [AsyncResolver-bootstrap-executor-0] c.n.d.s.r.aws.ConfigClusterResolver      : Resolving eureka endpoints via configuration
2024-02-28T15:00:37.447+05:30  INFO 30932 --- [gatewayservice] [AsyncResolver-bootstrap-executor-0] c.n.d.s.r.aws.ConfigClusterResolver      : Resolving eureka endpoints via configuration
2024-02-28T15:49:16.039+05:30  INFO 30932 --- [gatewayservice] [AsyncResolver-bootstrap-executor-0] c.n.d.s.r.aws.ConfigClusterResolver      : Resolving eureka endpoints via configuration
2024-02-28T15:54:41.282+05:30  INFO 30932 --- [gatewayservice] [AsyncResolver-bootstrap-executor-0] c.n.d.s.r.aws.ConfigClusterResolver      : Resolving eureka endpoints via configuration
2024-02-28T15:59:41.296+05:30  INFO 30932 --- [gatewayservice] [AsyncResolver-bootstrap-executor-0] c.n.d.s.r.aws.ConfigClusterResolver      : Resolving eureka endpoints via configuration
2024-02-28T16:04:41.300+05:30  INFO 30932 --- [gatewayservice] [AsyncResolver-bootstrap-executor-0] c.n.d.s.r.aws.ConfigClusterResolver      : Resolving eureka endpoints via configuration
2024-02-28T16:09:41.302+05:30  INFO 30932 --- [gatewayservice] [AsyncResolver-bootstrap-executor-0] c.n.d.s.r.aws.ConfigClusterResolver      : Resolving eureka endpoints via configuration
2024-02-28T16:49:26.421+05:30  INFO 30932 --- [gatewayservice] [AsyncResolver-bootstrap-executor-0] c.n.d.s.r.aws.ConfigClusterResolver      : Resolving eureka endpoints via configuration
2024-02-28T16:54:26.428+05:30  INFO 30932 --- [gatewayservice] [AsyncResolver-bootstrap-executor-0] c.n.d.s.r.aws.ConfigClusterResolver      : Resolving eureka endpoints via configuration
2024-02-28T16:59:26.438+05:30  INFO 30932 --- [gatewayservice] [AsyncResolver-bootstrap-executor-0] c.n.d.s.r.aws.ConfigClusterResolver      : Resolving eureka endpoints via configuration
